Arguments: 
  C:\Program Files\nodejs\node.exe C:\Users\krP\AppData\Roaming\npm\node_modules\yarn\bin\yarn.js add @types/react-native-animated-loader

PATH: 
  C:\Ruby30-x64\bin;C:\Program Files\Common Files\Oracle\Java\javapath;C:\Program Files (x86)\Common Files\Oracle\Java\javapath;C:\Program Files\AdoptOpenJDK\jdk-11.0.11.9-hotspot\bin;C:\Windows\system32;C:\Windows;C:\Windows\System32\Wbem;C:\Windows\System32\WindowsPowerShell\v1.0\;C:\Windows\System32\OpenSSH\;C:\Program Files\Git\cmd;C:\Program Files\nodejs\;C:\Program Files\Docker\Docker\resources\bin;C:\ProgramData\DockerDesktop\version-bin;C:\Program Files\erl-24.1.4\bin;C:\Program Files (x86)\Elixir\bin;C:\Windows\system32\config\systemprofile\.mix\escripts;C:\ProgramData\chocolatey\bin;C:\RailsInstaller\Git\cmd;C:\RailsInstaller\Ruby2.3.3\bin;C:\Ruby30-x64\bin;C:\Users\krP\AppData\Local\Microsoft\WindowsApps;C:\Users\krP\AppData\Local\Programs\Microsoft VS Code\bin;C:\Users\krP\AppData\Roaming\npm;C:\Program Files\heroku\bin;C:\Users\krP\AppData\Local\Programs\Julia-1.6.3\bin;C:\Program Files\Microsoft Visual Studio\2022\Community\VC\Tools\MSVC\14.31.31103\bin\Hostx64\x64;

Yarn version: 
  1.22.10

Node version: 
  14.17.3

Platform: 
  win32 x64

Trace: 
  Error: https://registry.yarnpkg.com/@types%2freact-native-animated-loader: Not found
      at Request.params.callback [as _callback] (C:\Users\krP\AppData\Roaming\npm\node_modules\yarn\lib\cli.js:66988:18)
      at Request.self.callback (C:\Users\krP\AppData\Roaming\npm\node_modules\yarn\lib\cli.js:140662:22)
      at Request.emit (events.js:375:28)
      at Request.<anonymous> (C:\Users\krP\AppData\Roaming\npm\node_modules\yarn\lib\cli.js:141634:10)
      at Request.emit (events.js:375:28)
      at IncomingMessage.<anonymous> (C:\Users\krP\AppData\Roaming\npm\node_modules\yarn\lib\cli.js:141556:12)
      at Object.onceWrapper (events.js:481:28)
      at IncomingMessage.emit (events.js:387:35)
      at endReadableNT (internal/streams/readable.js:1317:12)
      at processTicksAndRejections (internal/process/task_queues.js:82:21)

npm manifest: 
  {
    "name": "vai-dar-namoro",
    "version": "1.0.0",
    "main": "node_modules/expo/AppEntry.js",
    "scripts": {
      "start": "expo start",
      "android": "expo start --android",
      "ios": "expo start --ios",
      "web": "expo start --web"
    },
    "dependencies": {
      "expo": "~46.0.9",
      "expo-status-bar": "~1.4.0",
      "react": "18.0.0",
      "react-dom": "18.0.0",
      "react-native": "0.69.5",
      "react-native-animated-loader": "^0.0.9",
      "react-native-double-click": "^1.0.5",
      "react-native-web": "~0.18.7"
    },
    "devDependencies": {
      "@babel/core": "^7.12.9",
      "@types/react": "~18.0.14",
      "@types/react-native": "~0.69.1",
      "typescript": "~4.3.5"
    },
    "private": true
  }

yarn manifest: 
  No manifest

Lockfile: 
  No lockfile
